\BOOKMARK [0][-]{chapter.1}{Introduction}{}
\BOOKMARK [1][-]{section.1.1}{White Dwarf Mergers}{chapter.1}
\BOOKMARK [2][-]{subsection.1.1.1}{The Panopoly of Stellar Mergers}{section.1.1}
\BOOKMARK [2][-]{subsection.1.1.2}{Mergers of WD Binaries}{section.1.1}
\BOOKMARK [1][-]{section.1.2}{The Mystery of Type Ia Supernovae}{chapter.1}
\BOOKMARK [2][-]{subsection.1.2.1}{Properties and Traditional Formation Channels of SNe Ia}{section.1.2}
\BOOKMARK [2][-]{subsection.1.2.2}{Traditional Shortfalls}{section.1.2}
\BOOKMARK [2][-]{subsection.1.2.3}{Brave New Channels}{section.1.2}
\BOOKMARK [1][-]{section.1.3}{The vkercj10 SN Ia Channel}{chapter.1}
\BOOKMARK [2][-]{subsection.1.3.1}{Channel Overview and Advantages}{section.1.3}
\BOOKMARK [2][-]{subsection.1.3.2}{But Will it Blend? \(Thesis Motivation\)}{section.1.3}
\BOOKMARK [1][-]{section.1.4}{Physics of the WD Merging Process}{chapter.1}
\BOOKMARK [2][-]{subsection.1.4.1}{Stable and Unstable Mass Transfer}{section.1.4}
\BOOKMARK [2][-]{subsection.1.4.2}{Are Merging WDs Co-Rotating?}{section.1.4}
\BOOKMARK [1][-]{section.1.5}{Post-Merger Evolution}{chapter.1}
\BOOKMARK [1][-]{section.1.6}{Thesis Overview}{chapter.1}
\BOOKMARK [0][-]{chapter.2}{A Parameter-Space Study of Carbon-Oxygen White Dwarf Mergers}{}
\BOOKMARK [1][-]{section.2.1}{Introduction}{chapter.2}
\BOOKMARK [1][-]{section.2.2}{Code and Input Physics}{chapter.2}
\BOOKMARK [2][-]{subsection.2.2.1}{The SPH Code}{section.2.2}
\BOOKMARK [2][-]{subsection.2.2.2}{Initial Conditions}{section.2.2}
\BOOKMARK [2][-]{subsection.2.2.3}{Merger Completion Time}{section.2.2}
\BOOKMARK [1][-]{section.2.3}{Results}{chapter.2}
\BOOKMARK [2][-]{subsection.2.3.1}{Representative Mergers}{section.2.3}
\BOOKMARK [0][-]{figure.2.2}{Bibliography}{}
